0 info it worked if it ends with ok
1 verbose cli [ '/usr/local/bin/node',
1 verbose cli   '/usr/local/bin/npm',
1 verbose cli   'version',
1 verbose cli   '1.0.0' ]
2 info using npm@2.14.20
3 info using node@v4.4.0
4 verbose stack Error: Version not changed
4 verbose stack     at /usr/local/lib/node_modules/npm/lib/version.js:51:49
4 verbose stack     at /usr/local/lib/node_modules/npm/node_modules/graceful-fs/graceful-fs.js:78:16
4 verbose stack     at FSReqWrap.readFileAfterClose [as oncomplete] (fs.js:380:3)
5 verbose cwd /Users/shausmann/Documents/Bindings/nodejs
6 error Darwin 15.3.0
7 error argv "/usr/local/bin/node" "/usr/local/bin/npm" "version" "1.0.0"
8 error node v4.4.0
9 error npm  v2.14.20
10 error Version not changed
11 error If you need help, you may report this error at:
11 error     <https://github.com/npm/npm/issues>
12 verbose exit [ 1, true ]
